# ELBREAD: Elaboration process.
# ELBREAD: Warning: The contents of entity 'alu' instantiated in architecture 'structural' differ from the contents available during the compilation of this architecture.
# ELBREAD: Elaboration time 0.0 [s].
# Design Explorer: Shortcut to "C:\Users\Admin\iCloudDrive\Desktop\ESE345\project345\project345.aws" design added.
acom -O3 -e 100 -work project -2008  $dsn/src/file_io_tb.vhd
# Warning: DAGGEN_0523: The source is compiled without the -dbg switch. Line breakpoints and assertion debug will not be available.
# File: C:\Users\Admin\iCloudDrive\Desktop\ESE345\project345\src\file_io_tb.vhd
# Compile Entity "file_io_tb"
# Compile Architecture "behave" of Entity "file_io_tb"
# Compile success 0 Errors 0 Warnings  Analysis time :  0.3 [s]
acom -O3 -e 100 -work project -2008  $dsn/src/file_io_tb.vhd
# Warning: DAGGEN_0523: The source is compiled without the -dbg switch. Line breakpoints and assertion debug will not be available.
# File: C:\Users\Admin\iCloudDrive\Desktop\ESE345\project345\src\file_io_tb.vhd
# Compile Entity "file_io_tb"
# Compile Architecture "behave" of Entity "file_io_tb"
# Compile success 0 Errors 0 Warnings  Analysis time :  0.2 [s]
# ELBREAD: Elaboration process.
# ELBREAD: Warning: The contents of entity 'alu' instantiated in architecture 'structural' differ from the contents available during the compilation of this architecture.
# ELBREAD: Elaboration time 0.1 [s].
asim -O5 +access +r +m+file_io_tb file_io_tb behave
# ELBREAD: Elaboration process.
# ELBREAD: Warning: The contents of entity 'alu' instantiated in architecture 'structural' differ from the contents available during the compilation of this architecture.
# ELBREAD: Elaboration time 0.1 [s].
# VSIM: Stack memory: 32MB
# VSIM: Retval memory: 32MB
# 
acom -O3 -e 100 -work project -2008  $dsn/src/alu.vhd
# Warning: DAGGEN_0523: The source is compiled without the -dbg switch. Line breakpoints and assertion debug will not be available.
# File: C:\Users\Admin\iCloudDrive\Desktop\ESE345\project345\src\alu.vhd
# Compile Entity "alu"
# Compile Architecture "behavioral" of Entity "alu"
# Compile success 0 Errors 0 Warnings  Analysis time :  0.4 [s]
# ELBREAD: Elaboration process.
# ELBREAD: Warning: The contents of entity 'alu' instantiated in architecture 'structural' differ from the contents available during the compilation of this architecture.
# ELBREAD: Elaboration time 0.0 [s].
# KERNEL: Main thread initiated.
# KERNEL: Kernel process initialization phase.
# KERNEL: Time resolution set to 1ps.
# ELAB2: Elaboration final pass...
# ELAB2: Create instances ...
# ELAB2: Create instances complete.
# SLP: Started
# SLP: Elaboration phase ...
# SLP: Elaboration phase ... skipped, nothing to simulate in SLP mode : 0.0 [s]
# SLP: Finished : 0.0 [s]
# ELAB2: Elaboration final pass complete - time: 0.1 [s].
# KERNEL: Warning: You are using the Active-HDL Student Edition. The performance of simulation is running at a reduced rate.
# KERNEL: Warning: Contact Aldec for available upgrade options - sales@aldec.com.
# KERNEL: Kernel process initialization done.
# Allocation: Simulator allocated 7289 kB (elbread=1280 elab2=5866 kernel=142 sdf=0)
# KERNEL: ASDB file was created in location C:\Users\Admin\iCloudDrive\Desktop\ESE345\project345\src\wave.asdb
#  5:31 PM, Wednesday, December 4, 2019
#  Simulation has been initialized
run 1200 ns
# KERNEL: WARNING: NUMERIC_STD.TO_INTEGER: metavalue detected, returning 0
# KERNEL: Time: 10 ns,  Iteration: 1,  Instance: /file_io_tb/UUT/u2,  Process: line__48.
# KERNEL: WARNING: NUMERIC_STD.TO_INTEGER: metavalue detected, returning 0
# KERNEL: Time: 10 ns,  Iteration: 1,  Instance: /file_io_tb/UUT/u2,  Process: line__48.
# KERNEL: WARNING: NUMERIC_STD.TO_INTEGER: metavalue detected, returning 0
# KERNEL: Time: 10 ns,  Iteration: 1,  Instance: /file_io_tb/UUT/u2,  Process: line__48.
# KERNEL: WARNING: NUMERIC_STD.TO_INTEGER: metavalue detected, returning 0
# KERNEL: Time: 30 ns,  Iteration: 1,  Instance: /file_io_tb/UUT/u2,  Process: line__48.
# KERNEL: WARNING: NUMERIC_STD.TO_INTEGER: metaval